[08-02-2017 16:01:23] Setting up server...
[08-02-2017 16:01:23] Server setup complete
[08-02-2017 16:01:23] Service started
[08-02-2017 16:04:40] Client connected: 127.0.0.1:57933
[08-02-2017 16:04:44] Text received: 1
[08-02-2017 16:04:44] Sending feed command to client...
[08-02-2017 16:04:44] Feed command sent to client
[08-02-2017 16:04:45] Text received: 1
[08-02-2017 16:05:06] Client forcefully disconnected
[08-02-2017 17:05:20] Client connected: 127.0.0.1:58563
[08-02-2017 17:05:23] Text received: 1
[08-02-2017 17:05:28] Client forcefully disconnected
[08-02-2017 17:05:40] Client connected: 127.0.0.1:58565
[08-02-2017 17:05:45] Text received: test
[08-02-2017 17:05:45] Text is an invalid request
[08-02-2017 17:05:45] Warning Sent
[08-02-2017 17:05:49] Client forcefully disconnected
[09-02-2017 15:43:03] Setting up server...
[09-02-2017 15:43:03] Server setup complete
[09-02-2017 15:43:03] Service started
[09-02-2017 15:43:04] Client connected: 127.0.0.1:50410
[09-02-2017 15:46:33] Text received: $1
[09-02-2017 15:46:33] Sending feed command to client...
[09-02-2017 15:46:33] Feed command sent to client
[09-02-2017 15:48:45] Text received: $1
[09-02-2017 15:48:45] Text is an invalid request
[09-02-2017 15:48:45] Warning Sent
[09-02-2017 15:48:52] Text received: $1
[09-02-2017 15:48:52] Text is an invalid request
[09-02-2017 15:48:52] Warning Sent
[09-02-2017 15:49:01] Text received: $1
[09-02-2017 15:49:01] Text is an invalid request
[09-02-2017 15:49:01] Warning Sent
[09-02-2017 15:51:31] Service stopped
[09-02-2017 15:51:48] Setting up server...
[09-02-2017 15:51:48] Server setup complete
[09-02-2017 15:51:48] Service started
[09-02-2017 15:52:07] Client connected: 127.0.0.1:50617
[09-02-2017 15:52:11] Text received: $1
[09-02-2017 15:52:11] Text is an invalid request
[09-02-2017 15:52:11] Warning Sent
[09-02-2017 15:52:25] Text received: feed
[09-02-2017 15:52:25] Text is an invalid request
[09-02-2017 15:52:25] Warning Sent
[09-02-2017 15:53:34] Client forcefully disconnected
[09-02-2017 15:53:38] Service stopped
[09-02-2017 15:53:46] Setting up server...
[09-02-2017 15:53:46] Server setup complete
[09-02-2017 15:53:46] Service started
[09-02-2017 15:53:53] Client connected: 127.0.0.1:50625
[09-02-2017 15:53:55] Text received: feed
[09-02-2017 15:54:06] Text received: feed
[09-02-2017 15:54:09] Client forcefully disconnected
[09-02-2017 17:44:44] Service stopped
[10-02-2017 14:17:06] Starting service
[10-02-2017 14:17:06] Service started
[10-02-2017 14:19:50] Client connected: 127.0.0.1:54394
[10-02-2017 14:19:55] Text received: feed
[10-02-2017 14:19:59] Client forcefully disconnected
[10-02-2017 14:23:44] Service stopped
[10-02-2017 14:44:15] Starting service
[10-02-2017 14:44:15] Setting up server...
[10-02-2017 14:44:15] Socket server started
[10-02-2017 14:44:15] Service started
[10-02-2017 14:44:30] Service stopped
[11-02-2017 00:21:12] Starting service
[11-02-2017 00:21:12] Setting up server...
[11-02-2017 00:21:12] Socket server started
[11-02-2017 00:21:12] Service started
[11-02-2017 00:21:40] Client connected: 127.0.0.1:49340
[11-02-2017 00:21:43] Text received: feed
[11-02-2017 00:21:49] Text received: feed
[11-02-2017 00:21:53] Text received: exit
[11-02-2017 00:21:53] The client sent an invalid request, warning sent
[11-02-2017 00:21:58] Text received: feed
[11-02-2017 00:22:00] Client forcefully disconnected
[11-02-2017 00:50:40] Service stopped
[12-02-2017 11:54:59] Starting service
[12-02-2017 11:54:59] Setting up server...
[12-02-2017 11:54:59] mscorlib The following error occurred on setupserver; Value cannot be null.
Parameter name: String
[12-02-2017 11:55:21] Starting service
[12-02-2017 11:55:21] Setting up server...
[12-02-2017 11:55:21] mscorlib The following error occurred on setupserver; Value cannot be null.
Parameter name: String
[12-02-2017 11:56:18] Starting service
[12-02-2017 11:57:52] Starting service
[12-02-2017 11:59:28] Starting service
[12-02-2017 11:59:28] Setting up server...
[12-02-2017 11:59:28] Socket server started
[12-02-2017 11:59:28] Service started
[12-02-2017 12:01:11] Client connected: 127.0.0.1:51424
[12-02-2017 12:01:14] Text received: feed
[12-02-2017 12:01:17] Text received: test
[12-02-2017 12:01:17] The client sent an invalid request, warning sent
[12-02-2017 12:01:20] Text received: exit
[12-02-2017 12:01:20] The client sent an invalid request, warning sent
[12-02-2017 12:01:22] Client forcefully disconnected
[12-02-2017 12:01:50] Service stopped
[15-02-2017 09:18:17] Starting service
[15-02-2017 09:18:17] Setting up server...
[15-02-2017 09:18:17] Socket server started
[15-02-2017 09:18:17] Service started
[15-02-2017 09:18:51] Service stopped
[15-02-2017 09:33:06] Starting service
[15-02-2017 09:33:06] Setting up server...
[15-02-2017 09:33:06] Socket server started
[15-02-2017 09:33:06] Service started
[15-02-2017 09:33:31] Client connected: 127.0.0.1:56777
[15-02-2017 09:33:36] Text received: feed
[15-02-2017 09:33:36] Sending feed command to client...
[15-02-2017 09:33:36] Feed command sent to client
[15-02-2017 09:33:41] Client forcefully disconnected
[15-02-2017 09:33:46] Service stopped
